
2017-04-18 10:52:58...installerHook: Could not find custom/install/install_hooks.php
2017-04-18 10:53:00...installerHook: Could not find custom/install/install_hooks.php
2017-04-18 10:53:02...Begin System Check Process *************
2017-04-18 10:53:02...XML Parsing Support Found
2017-04-18 10:53:02...MBString Support Found
2017-04-18 10:53:02...ZIP Support Found
2017-04-18 10:53:02.../custom directory and subdirectory check passed
2017-04-18 10:53:02...cache directory and subdirectory check passed
2017-04-18 10:53:02.../module  directory and subdirectory check passed
2017-04-18 10:53:02.../upload directory check passed
2017-04-18 10:53:02.../zip check passed
2017-04-18 10:53:02...PCRE version check passed
2017-04-18 10:53:02...installerHook: Could not find custom/install/install_hooks.php
2017-04-18 10:53:02...php.ini location found. /etc/php/7.0/apache2/php.ini
2017-04-18 10:53:02...Outputting HTML for System check
2017-04-18 10:53:02...No Errors were found *************
2017-04-18 10:53:03...installerHook: Could not find custom/install/install_hooks.php
2017-04-18 10:53:16...installerHook: Could not find custom/install/install_hooks.php
2017-04-18 10:53:18...installerHook: Could not find custom/install/install_hooks.php
2017-04-18 10:53:31...installerHook: Could not find custom/install/install_hooks.php
2017-04-18 10:54:00...installerHook: Could not find custom/install/install_hooks.php
2017-04-18 10:54:16...installerHook: Could not find custom/install/install_hooks.php
2017-04-18 10:55:00...installerHook: Could not find custom/install/install_hooks.php
2017-04-18 10:55:16...installerHook: Could not find custom/install/install_hooks.php
2017-04-18 10:56:01...installerHook: Could not find custom/install/install_hooks.php
2017-04-18 10:56:16...installerHook: Could not find custom/install/install_hooks.php
2017-04-18 10:57:02...installerHook: Could not find custom/install/install_hooks.php
2017-04-18 10:57:16...installerHook: Could not find custom/install/install_hooks.php
2017-04-18 10:57:54...Begin DB Check Process *************
2017-04-18 10:57:54...testing with mysql:mysqli
2017-04-18 10:57:54...Basic form info is valid, continuing Process.
2017-04-18 10:57:54...Testing user account...
2017-04-18 10:57:54...Connection made using  host: localhost, usr: livelifecrm
2017-04-18 10:57:54...SUCCESS:: no errors detected!
2017-04-18 10:57:54...End DB Check Process *************
2017-04-18 10:57:54...installerHook: Could not find custom/install/install_hooks.php
2017-04-18 10:57:54...calling handleSugarConfig()
2017-04-18 10:57:54...calling handleHtaccess()
2017-04-18 10:57:54...calling handleDbCreateDatabase()
2017-04-18 10:57:54...looping through all the Beans and create their tables
2017-04-18 10:57:54...processing table acl_actions
2017-04-18 10:57:54...creating table acl_actions
2017-04-18 10:57:54...creating Relationship Meta for ACLAction
2017-04-18 10:57:54...processing table acl_roles
2017-04-18 10:57:54...creating table acl_roles
2017-04-18 10:57:54...creating Relationship Meta for ACLRole
2017-04-18 10:57:54...processing table relationships
2017-04-18 10:57:54...creating table relationships
2017-04-18 10:57:54...creating Relationship Meta for Relationship
2017-04-18 10:57:54...processing table leads
2017-04-18 10:57:54...creating table leads
2017-04-18 10:57:54...creating Relationship Meta for Lead
2017-04-18 10:57:54...processing table cases
2017-04-18 10:57:54...creating table cases
2017-04-18 10:57:54...creating Relationship Meta for Case
2017-04-18 10:57:54...processing table bugs
2017-04-18 10:57:54...creating table bugs
2017-04-18 10:57:54...creating Relationship Meta for Bug
2017-04-18 10:57:54...processing table users
2017-04-18 10:57:55...creating table users
2017-04-18 10:57:55...creating Relationship Meta for User
2017-04-18 10:57:55...processing table campaign_log
2017-04-18 10:57:55...creating table campaign_log
2017-04-18 10:57:55...creating Relationship Meta for CampaignLog
2017-04-18 10:57:55...processing table project
2017-04-18 10:57:55...creating table project
2017-04-18 10:57:55...creating Relationship Meta for Project
2017-04-18 10:57:55...processing table project_task
2017-04-18 10:57:55...creating table project_task
2017-04-18 10:57:55...creating Relationship Meta for ProjectTask
2017-04-18 10:57:55...processing table campaigns
2017-04-18 10:57:55...creating table campaigns
2017-04-18 10:57:55...creating Relationship Meta for Campaign
2017-04-18 10:57:55...processing table prospect_lists
2017-04-18 10:57:55...creating table prospect_lists
2017-04-18 10:57:55...creating Relationship Meta for ProspectList
2017-04-18 10:57:55...processing table prospects
2017-04-18 10:57:55...creating table prospects
2017-04-18 10:57:55...creating Relationship Meta for Prospect
2017-04-18 10:57:55...processing table email_marketing
2017-04-18 10:57:55...creating table email_marketing
2017-04-18 10:57:55...creating Relationship Meta for EmailMarketing
2017-04-18 10:57:55...processing table campaign_trkrs
2017-04-18 10:57:55...creating table campaign_trkrs
2017-04-18 10:57:55...creating Relationship Meta for CampaignTracker
2017-04-18 10:57:55...processing table releases
2017-04-18 10:57:55...creating table releases
2017-04-18 10:57:55...creating Relationship Meta for Release
2017-04-18 10:57:55...processing table emailman
2017-04-18 10:57:55...creating table emailman
2017-04-18 10:57:55...creating Relationship Meta for EmailMan
2017-04-18 10:57:55...processing table schedulers
2017-04-18 10:57:55...creating table schedulers
2017-04-18 10:57:55...creating Relationship Meta for Scheduler
2017-04-18 10:57:55...processing table job_queue
2017-04-18 10:57:55...creating table job_queue
2017-04-18 10:57:55...creating Relationship Meta for SchedulersJob
2017-04-18 10:57:55...processing table contacts
2017-04-18 10:57:55...creating table contacts
2017-04-18 10:57:55...creating Relationship Meta for Contact
2017-04-18 10:57:55...processing table accounts
2017-04-18 10:57:55...creating table accounts
2017-04-18 10:57:55...creating Relationship Meta for Account
2017-04-18 10:57:55...processing table opportunities
2017-04-18 10:57:55...creating table opportunities
2017-04-18 10:57:55...creating Relationship Meta for Opportunity
2017-04-18 10:57:55...processing table email_templates
2017-04-18 10:57:55...creating table email_templates
2017-04-18 10:57:55...creating Relationship Meta for EmailTemplate
2017-04-18 10:57:55...processing table notes
2017-04-18 10:57:56...creating table notes
2017-04-18 10:57:56...creating Relationship Meta for Note
2017-04-18 10:57:56...processing table calls
2017-04-18 10:57:56...creating table calls
2017-04-18 10:57:56...creating Relationship Meta for Call
2017-04-18 10:57:56...processing table emails
2017-04-18 10:57:56...creating table emails
2017-04-18 10:57:56...creating Relationship Meta for Email
2017-04-18 10:57:56...processing table meetings
2017-04-18 10:57:56...creating table meetings
2017-04-18 10:57:56...creating Relationship Meta for Meeting
2017-04-18 10:57:56...processing table tasks
2017-04-18 10:57:56...creating table tasks
2017-04-18 10:57:56...creating Relationship Meta for Task
2017-04-18 10:57:56...processing table users
2017-04-18 10:57:56...processing table users
2017-04-18 10:57:56...processing table currencies
2017-04-18 10:57:56...creating table currencies
2017-04-18 10:57:56...creating Relationship Meta for Currency
2017-04-18 10:57:56...processing table tracker
2017-04-18 10:57:56...creating table tracker
2017-04-18 10:57:56...creating Relationship Meta for Tracker
2017-04-18 10:57:56...processing table import_maps
2017-04-18 10:57:56...creating table import_maps
2017-04-18 10:57:56...creating Relationship Meta for ImportMap
2017-04-18 10:57:56...processing table users_last_import
2017-04-18 10:57:56...creating table users_last_import
2017-04-18 10:57:56...creating Relationship Meta for UsersLastImport
2017-04-18 10:57:56...processing table config
2017-04-18 10:57:56...creating table config
2017-04-18 10:57:56...creating Relationship Meta for Administration
2017-04-18 10:57:56...processing table upgrade_history
2017-04-18 10:57:56...creating table upgrade_history
2017-04-18 10:57:56...creating Relationship Meta for UpgradeHistory
2017-04-18 10:57:56...processing table vcals
2017-04-18 10:57:56...creating table vcals
2017-04-18 10:57:56...creating Relationship Meta for vCal
2017-04-18 10:57:56...processing table alerts
2017-04-18 10:57:56...creating table alerts
2017-04-18 10:57:56...creating Relationship Meta for Alert
2017-04-18 10:57:56...processing table roles
2017-04-18 10:57:56...creating table roles
2017-04-18 10:57:56...creating Relationship Meta for Role
2017-04-18 10:57:56...processing table documents
2017-04-18 10:57:56...creating table documents
2017-04-18 10:57:56...creating Relationship Meta for Document
2017-04-18 10:57:56...processing table document_revisions
2017-04-18 10:57:56...creating table document_revisions
2017-04-18 10:57:56...creating Relationship Meta for DocumentRevision
2017-04-18 10:57:56...processing table fields_meta_data
2017-04-18 10:57:56...creating table fields_meta_data
2017-04-18 10:57:56...creating Relationship Meta for FieldsMetaData
2017-04-18 10:57:56...processing table inbound_email
2017-04-18 10:57:56...creating table inbound_email
2017-04-18 10:57:56...creating Relationship Meta for InboundEmail
2017-04-18 10:57:56...processing table saved_search
2017-04-18 10:57:56...creating table saved_search
2017-04-18 10:57:56...creating Relationship Meta for SavedSearch
2017-04-18 10:57:56...processing table user_preferences
2017-04-18 10:57:56...creating table user_preferences
2017-04-18 10:57:56...creating Relationship Meta for UserPreference
2017-04-18 10:57:56...processing table 
2017-04-18 10:57:56...processing table email_addresses
2017-04-18 10:57:56...creating table email_addresses
2017-04-18 10:57:56...creating Relationship Meta for EmailAddress
2017-04-18 10:57:56...processing table emails_text
2017-04-18 10:57:56...creating table emails_text
2017-04-18 10:57:56...creating Relationship Meta for EmailText
2017-04-18 10:57:56...processing table spots
2017-04-18 10:57:56...creating table spots
2017-04-18 10:57:56...creating Relationship Meta for Spots
2017-04-18 10:57:56...processing table aobh_businesshours
2017-04-18 10:57:56...creating table aobh_businesshours
2017-04-18 10:57:56...creating Relationship Meta for AOBH_BusinessHours
2017-04-18 10:57:56...processing table sugarfeed
2017-04-18 10:57:56...creating table sugarfeed
2017-04-18 10:57:56...creating Relationship Meta for SugarFeed
2017-04-18 10:57:56...processing table eapm
2017-04-18 10:57:56...creating table eapm
2017-04-18 10:57:56...creating Relationship Meta for EAPM
2017-04-18 10:57:56...processing table oauth_consumer
2017-04-18 10:57:56...creating table oauth_consumer
2017-04-18 10:57:56...creating Relationship Meta for OAuthKey
2017-04-18 10:57:56...processing table oauth_tokens
2017-04-18 10:57:56...creating table oauth_tokens
2017-04-18 10:57:56...creating Relationship Meta for OAuthToken
2017-04-18 10:57:56...processing table am_projecttemplates
2017-04-18 10:57:57...creating table am_projecttemplates
2017-04-18 10:57:57...creating Relationship Meta for AM_ProjectTemplates
2017-04-18 10:57:57...processing table am_tasktemplates
2017-04-18 10:57:57...creating table am_tasktemplates
2017-04-18 10:57:57...creating Relationship Meta for AM_TaskTemplates
2017-04-18 10:57:57...processing table favorites
2017-04-18 10:57:57...creating table favorites
2017-04-18 10:57:57...creating Relationship Meta for Favorites
2017-04-18 10:57:57...processing table aok_knowledge_base_categories
2017-04-18 10:57:57...creating table aok_knowledge_base_categories
2017-04-18 10:57:57...creating Relationship Meta for AOK_Knowledge_Base_Categories
2017-04-18 10:57:57...processing table aok_knowledgebase
2017-04-18 10:57:57...creating table aok_knowledgebase
2017-04-18 10:57:57...creating Relationship Meta for AOK_KnowledgeBase
2017-04-18 10:57:57...processing table reminders
2017-04-18 10:57:57...creating table reminders
2017-04-18 10:57:57...creating Relationship Meta for Reminder
2017-04-18 10:57:57...processing table reminders_invitees
2017-04-18 10:57:57...creating table reminders_invitees
2017-04-18 10:57:57...creating Relationship Meta for Reminder_Invitee
2017-04-18 10:57:57...processing table fp_events
2017-04-18 10:57:57...creating table fp_events
2017-04-18 10:57:57...creating Relationship Meta for FP_events
2017-04-18 10:57:57...processing table fp_event_locations
2017-04-18 10:57:57...creating table fp_event_locations
2017-04-18 10:57:57...creating Relationship Meta for FP_Event_Locations
2017-04-18 10:57:57...processing table aod_indexevent
2017-04-18 10:57:57...creating table aod_indexevent
2017-04-18 10:57:57...creating Relationship Meta for AOD_IndexEvent
2017-04-18 10:57:57...processing table aod_index
2017-04-18 10:57:57...creating table aod_index
2017-04-18 10:57:57...creating Relationship Meta for AOD_Index
2017-04-18 10:57:57...processing table aop_case_events
2017-04-18 10:57:57...creating table aop_case_events
2017-04-18 10:57:57...creating Relationship Meta for AOP_Case_Events
2017-04-18 10:57:57...processing table aop_case_updates
2017-04-18 10:57:57...creating table aop_case_updates
2017-04-18 10:57:57...creating Relationship Meta for AOP_Case_Updates
2017-04-18 10:57:57...processing table aor_reports
2017-04-18 10:57:57...creating table aor_reports
2017-04-18 10:57:57...creating Relationship Meta for AOR_Report
2017-04-18 10:57:57...processing table aor_fields
2017-04-18 10:57:57...creating table aor_fields
2017-04-18 10:57:57...creating Relationship Meta for AOR_Field
2017-04-18 10:57:57...processing table aor_charts
2017-04-18 10:57:57...creating table aor_charts
2017-04-18 10:57:57...creating Relationship Meta for AOR_Chart
2017-04-18 10:57:57...processing table aor_conditions
2017-04-18 10:57:58...creating table aor_conditions
2017-04-18 10:57:58...creating Relationship Meta for AOR_Condition
2017-04-18 10:57:58...processing table aor_scheduled_reports
2017-04-18 10:57:58...creating table aor_scheduled_reports
2017-04-18 10:57:58...creating Relationship Meta for AOR_Scheduled_Reports
2017-04-18 10:57:58...processing table aos_contracts
2017-04-18 10:57:58...creating table aos_contracts
2017-04-18 10:57:58...creating Relationship Meta for AOS_Contracts
2017-04-18 10:57:58...processing table aos_invoices
2017-04-18 10:57:58...creating table aos_invoices
2017-04-18 10:57:58...creating Relationship Meta for AOS_Invoices
2017-04-18 10:57:58...processing table aos_pdf_templates
2017-04-18 10:57:58...creating table aos_pdf_templates
2017-04-18 10:57:58...creating Relationship Meta for AOS_PDF_Templates
2017-04-18 10:57:58...processing table aos_product_categories
2017-04-18 10:57:58...creating table aos_product_categories
2017-04-18 10:57:58...creating Relationship Meta for AOS_Product_Categories
2017-04-18 10:57:58...processing table aos_products
2017-04-18 10:57:58...creating table aos_products
2017-04-18 10:57:58...creating Relationship Meta for AOS_Products
2017-04-18 10:57:58...processing table aos_products_quotes
2017-04-18 10:57:58...creating table aos_products_quotes
2017-04-18 10:57:58...creating Relationship Meta for AOS_Products_Quotes
2017-04-18 10:57:58...processing table aos_line_item_groups
2017-04-18 10:57:58...creating table aos_line_item_groups
2017-04-18 10:57:58...creating Relationship Meta for AOS_Line_Item_Groups
2017-04-18 10:57:58...processing table aos_quotes
2017-04-18 10:57:58...creating table aos_quotes
2017-04-18 10:57:58...creating Relationship Meta for AOS_Quotes
2017-04-18 10:57:58...processing table aow_actions
2017-04-18 10:57:58...creating table aow_actions
2017-04-18 10:57:58...creating Relationship Meta for AOW_Action
2017-04-18 10:57:58...processing table aow_workflow
2017-04-18 10:57:58...creating table aow_workflow
2017-04-18 10:57:58...creating Relationship Meta for AOW_WorkFlow
2017-04-18 10:57:58...processing table aow_processed
2017-04-18 10:57:58...creating table aow_processed
2017-04-18 10:57:58...creating Relationship Meta for AOW_Processed
2017-04-18 10:57:58...processing table aow_conditions
2017-04-18 10:57:58...creating table aow_conditions
2017-04-18 10:57:58...creating Relationship Meta for AOW_Condition
2017-04-18 10:57:58...processing table jjwg_maps
2017-04-18 10:57:58...creating table jjwg_maps
2017-04-18 10:57:58...creating Relationship Meta for jjwg_Maps
2017-04-18 10:57:58...processing table jjwg_markers
2017-04-18 10:57:59...creating table jjwg_markers
2017-04-18 10:57:59...creating Relationship Meta for jjwg_Markers
2017-04-18 10:57:59...processing table jjwg_areas
2017-04-18 10:57:59...creating table jjwg_areas
2017-04-18 10:57:59...creating Relationship Meta for jjwg_Areas
2017-04-18 10:57:59...processing table jjwg_address_cache
2017-04-18 10:57:59...creating table jjwg_address_cache
2017-04-18 10:57:59...creating Relationship Meta for jjwg_Address_Cache
2017-04-18 10:57:59...processing table calls_reschedule
2017-04-18 10:57:59...creating table calls_reschedule
2017-04-18 10:57:59...creating Relationship Meta for Calls_Reschedule
2017-04-18 10:57:59...processing table securitygroups
2017-04-18 10:57:59...creating table securitygroups
2017-04-18 10:57:59...creating Relationship Meta for SecurityGroup
2017-04-18 10:57:59...processing table outbound_email
2017-04-18 10:57:59...creating table outbound_email
2017-04-18 10:57:59...creating Relationship Meta for OutboundEmailAccounts
2017-04-18 10:57:59...processing table templatesectionline
2017-04-18 10:57:59...creating table templatesectionline
2017-04-18 10:57:59...creating Relationship Meta for TemplateSectionLine
2017-04-18 10:58:01...Begin creating Defaults
2017-04-18 10:58:01...insert defaults into config table
2017-04-18 10:58:01...Creating default users
2017-04-18 10:58:01...Creating default scheduler jobs
2017-04-18 10:58:01...Enable SugarFeeds
2017-04-18 10:58:01...Installation has completed *********
2017-04-18 10:58:04...populating the db with seed data
2017-04-18 10:58:04...Save configuration settings..
2017-04-18 10:58:04...save locale
2017-04-18 10:58:04...new Administration
2017-04-18 10:58:04...retrieveSettings
2017-04-18 10:58:04...AdminWizard OFF
2017-04-18 10:58:04...saveConfig
2017-04-18 10:58:04...new Configurator
2017-04-18 10:58:04...populateFromPost
2017-04-18 10:58:04...handleOverride
2017-04-18 10:58:04...saveConfig
2017-04-18 10:58:04...new Currency
2017-04-18 10:58:04...retrieve
2017-04-18 10:58:04...DBG: save currency
2017-04-18 10:58:04...Save user settings..
2017-04-18 10:58:04...DBG: SugarThemeRegistry::getDefault
2017-04-18 10:58:04...DBG: require modules/Users/Save.php